SF:lib/features/providers/connection_provider.dart
DA:5,2
DA:6,1
DA:7,1
DA:8,1
LF:4
LH:4
end_of_record
SF:lib/features/home/home_service.dart
DA:7,1
DA:8,1
DA:9,2
DA:11,2
DA:13,1
DA:15,3
DA:18,3
LF:7
LH:7
end_of_record
SF:lib/features/providers/images_provider.dart
DA:8,2
DA:9,1
DA:10,2
DA:11,1
DA:15,2
DA:16,1
DA:17,2
DA:18,2
DA:20,2
DA:23,3
DA:24,1
DA:27,1
DA:28,2
DA:31,1
DA:32,4
DA:33,1
LF:16
LH:16
end_of_record
SF:lib/features/body/application_body.dart
DA:11,1
DA:13,0
DA:14,0
DA:20,0
DA:22,0
DA:23,0
DA:24,0
DA:26,0
DA:31,0
DA:32,0
DA:39,0
DA:47,0
LF:12
LH:1
end_of_record
SF:lib/features/favorites/favorites_page.dart
DA:9,1
DA:11,0
DA:12,0
DA:18,0
DA:19,0
DA:20,0
DA:22,0
DA:25,0
DA:28,0
DA:29,0
DA:31,0
DA:32,0
DA:35,0
DA:36,0
DA:39,0
DA:40,0
DA:41,0
DA:44,0
DA:46,0
DA:47,0
DA:48,0
DA:49,0
DA:50,0
DA:52,0
DA:53,0
DA:55,0
DA:56,0
DA:58,0
DA:61,0
DA:62,0
DA:77,0
DA:81,0
DA:82,0
DA:84,0
DA:85,0
DA:86,0
DA:88,0
DA:95,0
DA:96,0
DA:97,0
DA:98,0
DA:99,0
DA:103,0
DA:108,0
DA:109,0
DA:113,0
LF:46
LH:1
end_of_record
SF:lib/features/home/home_page.dart
DA:10,1
DA:12,0
DA:13,0
DA:20,0
DA:21,0
DA:24,0
DA:25,0
DA:26,0
DA:30,0
DA:31,0
DA:33,0
DA:35,0
DA:36,0
DA:37,0
DA:41,0
DA:42,0
DA:43,0
DA:44,0
DA:45,0
DA:46,0
DA:49,0
DA:50,0
DA:51,0
DA:55,0
DA:57,0
DA:58,0
DA:59,0
DA:62,0
DA:64,0
DA:66,0
DA:67,0
DA:69,0
DA:70,0
DA:72,0
DA:74,0
DA:76,0
DA:77,0
LF:37
LH:1
end_of_record
SF:lib/features/favorites/favorite_image_cached.dart
DA:6,0
DA:10,0
DA:12,0
DA:13,0
DA:15,0
DA:16,0
DA:17,0
DA:18,0
DA:19,0
DA:20,0
DA:21,0
DA:22,0
DA:25,0
LF:13
LH:0
end_of_record
SF:lib/features/shared/skeleton.dart
DA:5,0
DA:9,0
DA:11,0
DA:12,0
DA:13,0
DA:14,0
DA:15,0
DA:16,0
DA:17,0
DA:19,0
DA:20,0
LF:11
LH:0
end_of_record
SF:lib/features/favorites/favorite_image_gallery.dart
DA:7,0
DA:19,0
DA:20,0
DA:26,0
DA:28,0
DA:29,0
DA:32,0
DA:33,0
DA:34,0
DA:36,0
DA:37,0
DA:38,0
DA:43,0
DA:44,0
DA:47,0
DA:49,0
DA:50,0
DA:51,0
DA:52,0
DA:54,0
DA:55,0
DA:56,0
DA:57,0
DA:58,0
DA:59,0
DA:62,0
DA:63,0
LF:27
LH:0
end_of_record
SF:lib/features/shared/animated_selection_indicator.dart
DA:5,0
DA:8,0
DA:10,0
DA:18,0
DA:20,0
DA:21,0
DA:26,0
DA:27,0
DA:29,0
DA:32,0
DA:34,0
DA:35,0
DA:36,0
DA:40,0
DA:41,0
DA:42,0
DA:44,0
DA:48,0
DA:50,0
DA:51,0
DA:54,0
DA:56,0
DA:57,0
DA:58,0
DA:59,0
DA:61,0
DA:62,0
DA:63,0
LF:28
LH:0
end_of_record
SF:lib/features/favorites/favorites_detail.dart
DA:8,0
DA:11,0
DA:13,0
DA:14,0
DA:15,0
DA:18,0
DA:19,0
DA:20,0
DA:21,0
DA:27,0
DA:29,0
DA:30,0
DA:31,0
DA:32,0
DA:33,0
DA:34,0
DA:35,0
DA:40,0
DA:43,0
DA:45,0
DA:49,0
DA:50,0
DA:54,0
DA:55,0
LF:24
LH:0
end_of_record
SF:lib/features/shared/image_with_loader.dart
DA:7,0
DA:17,0
DA:18,0
DA:22,0
DA:24,0
DA:25,0
DA:26,0
DA:27,0
DA:29,0
DA:30,0
DA:31,0
DA:32,0
DA:33,0
DA:34,0
DA:35,0
DA:36,0
DA:39,0
DA:40,0
DA:41,0
DA:43,0
DA:48,0
DA:50,0
DA:52,0
LF:23
LH:0
end_of_record
SF:lib/features/shared/animated_options.dart
DA:4,0
DA:12,0
DA:13,0
DA:22,0
DA:24,0
DA:25,0
DA:30,0
DA:31,0
DA:36,0
DA:37,0
DA:41,0
DA:43,0
DA:45,0
DA:46,0
DA:47,0
DA:49,0
DA:54,0
DA:56,0
DA:57,0
DA:60,0
DA:61,0
DA:62,0
DA:63,0
DA:64,0
DA:66,0
DA:71,0
DA:73,0
DA:74,0
DA:75,0
DA:76,0
DA:78,0
DA:79,0
DA:80,0
DA:82,0
DA:83,0
DA:89,0
DA:91,0
LF:37
LH:0
end_of_record
SF:lib/features/home/home_offline.dart
DA:6,0
DA:15,0
DA:17,0
DA:18,0
DA:20,0
DA:21,0
DA:24,0
DA:25,0
DA:31,0
DA:32,0
DA:34,0
DA:38,0
DA:39,0
DA:44,0
DA:45,0
DA:47,0
LF:16
LH:0
end_of_record
SF:lib/features/shared/error_msg.dart
DA:4,2
DA:6,0
LF:2
LH:1
end_of_record
SF:lib/features/home/home_online.dart
DA:12,0
DA:15,0
DA:16,0
DA:23,0
DA:24,0
DA:25,0
DA:26,0
DA:27,0
DA:32,0
DA:34,0
DA:37,0
DA:38,0
DA:40,0
DA:42,0
DA:43,0
DA:51,0
DA:55,0
DA:56,0
DA:59,0
DA:61,0
DA:62,0
DA:70,0
DA:74,0
DA:75,0
DA:76,0
DA:77,0
DA:80,0
DA:81,0
DA:83,0
DA:86,0
DA:87,0
DA:91,0
DA:92,0
DA:94,0
DA:95,0
DA:96,0
DA:99,0
DA:101,0
DA:103,0
DA:104,0
DA:105,0
DA:106,0
DA:107,0
DA:109,0
DA:111,0
DA:113,0
DA:115,0
DA:117,0
DA:118,0
DA:119,0
DA:120,0
DA:121,0
DA:122,0
DA:123,0
DA:126,0
DA:127,0
DA:129,0
DA:130,0
DA:131,0
DA:132,0
DA:134,0
DA:136,0
DA:141,0
DA:144,0
DA:146,0
DA:147,0
DA:151,0
DA:152,0
DA:156,0
DA:157,0
LF:70
LH:0
end_of_record
SF:lib/features/shared/animated_like.dart
DA:6,1
DA:8,0
DA:9,0
DA:15,0
DA:17,0
DA:18,0
DA:19,0
DA:20,0
DA:23,0
DA:24,0
DA:25,0
DA:30,0
DA:32,0
DA:33,0
LF:14
LH:1
end_of_record
SF:lib/main.dart
DA:8,0
DA:9,0
DA:13,1
DA:15,0
DA:17,0
DA:20,0
DA:21,0
DA:42,0
DA:43,0
DA:53,0
DA:54,0
DA:55,0
DA:56,0
LF:13
LH:1
end_of_record
